<?xml version="1.0" encoding="UTF-8"?>
<!-- Generated by org.testng.reporters.JUnitReportReporter -->
<testsuite hostname="DESKTOP-4DEG18L" failures="0" tests="1" name="testCases.TC_002_LoginTest" time="1.647" errors="0" timestamp="2022-12-28T15:24:56 AEDT" skipped="0">
  <testcase classname="testCases.TC_002_LoginTest" name="test_login" time="1.647"/>
  <system-out/>
</testsuite> <!-- testCases.TC_002_LoginTest -->
