<?xml version="1.0" encoding="UTF-8"?>
<!-- Generated by org.testng.reporters.JUnitReportReporter -->
<testsuite hostname="DESKTOP-4DEG18L" failures="0" tests="1" name="testCases.TC_001_AccountRegistrationTest" time="11.378" errors="0" timestamp="2022-12-28T10:28:40 AEDT" skipped="0">
  <testcase classname="testCases.TC_001_AccountRegistrationTest" name="test_account_Registration" time="11.378"/>
  <system-out/>
</testsuite> <!-- testCases.TC_001_AccountRegistrationTest -->
