<?xml version="1.0" encoding="UTF-8"?>
<!-- Generated by org.testng.reporters.JUnitReportReporter -->
<testsuite hostname="DESKTOP-4DEG18L" failures="0" tests="1" name="testCases.TC_001_AccountRegistrationTest" time="2.290" errors="0" timestamp="2023-01-02T19:50:42 AEDT" skipped="0">
  <testcase classname="testCases.TC_001_AccountRegistrationTest" name="test_account_Registration" time="2.290"/>
  <system-out/>
</testsuite> <!-- testCases.TC_001_AccountRegistrationTest -->
